[debug] [2021-07-28T08:36:28.384Z] ----------------------------------------------------------------------
[debug] [2021-07-28T08:36:28.387Z] Command:       C:\Program Files\nodejs\node.exe C:\Users\Naveen\AppData\Roaming\npm\node_modules\firebase-tools\lib\bin\firebase.js deploy
[debug] [2021-07-28T08:36:28.388Z] CLI Version:   9.16.0
[debug] [2021-07-28T08:36:28.388Z] Platform:      win32
[debug] [2021-07-28T08:36:28.388Z] Node Version:  v14.17.3
[debug] [2021-07-28T08:36:28.390Z] Time:          Wed Jul 28 2021 14:06:28 GMT+0530 (India Standard Time)
[debug] [2021-07-28T08:36:28.390Z] ----------------------------------------------------------------------
[debug] 
[debug] [2021-07-28T08:36:28.482Z] > command requires scopes: ["email","openid","https://www.googleapis.com/auth/cloudplatformprojects.readonly","https://www.googleapis.com/auth/firebase","https://www.googleapis.com/auth/cloud-platform"]
[debug] [2021-07-28T08:36:28.482Z] > authorizing via signed-in user (dineshsoni8569@gmail.com)
[debug] [2021-07-28T08:36:28.482Z] [iam] checking project down-time0 for permissions ["firebase.projects.get","firebasehosting.sites.update"]
[debug] [2021-07-28T08:36:28.485Z] > refreshing access token with scopes: ["email","https://www.googleapis.com/auth/cloud-platform","https://www.googleapis.com/auth/cloudplatformprojects.readonly","https://www.googleapis.com/auth/firebase","openid"]
[debug] [2021-07-28T08:36:28.486Z] >>> HTTP REQUEST POST https://www.googleapis.com/oauth2/v3/token  
 <request body omitted>
[debug] [2021-07-28T08:36:29.161Z] <<< HTTP RESPONSE 200 {"cache-control":"no-cache, no-store, max-age=0, must-revalidate","expires":"Mon, 01 Jan 1990 00:00:00 GMT","pragma":"no-cache","date":"Wed, 28 Jul 2021 08:40:08 GMT","content-type":"application/json; charset=utf-8","vary":"X-Origin, Referer, Origin,Accept-Encoding","server":"scaffolding on HTTPServer2","x-xss-protection":"0","x-frame-options":"SAMEORIGIN","x-content-type-options":"nosniff","alt-svc":"h3=\":443\"; ma=2592000,h3-29=\":443\"; ma=2592000,h3-T051=\":443\"; ma=2592000,h3-Q050=\":443\"; ma=2592000,h3-Q046=\":443\"; ma=2592000,h3-Q043=\":443\"; ma=2592000,quic=\":443\"; ma=2592000; v=\"46,43\"","accept-ranges":"none","transfer-encoding":"chunked"}
[debug] [2021-07-28T08:36:29.195Z] >>> HTTP REQUEST POST https://cloudresourcemanager.googleapis.com/v1/projects/down-time0:testIamPermissions  
 {"permissions":["firebase.projects.get","firebasehosting.sites.update"]}
[debug] [2021-07-28T08:36:31.153Z] <<< HTTP RESPONSE 200 {"content-type":"application/json; charset=UTF-8","vary":"X-Origin, Referer, Origin,Accept-Encoding","date":"Wed, 28 Jul 2021 08:40:10 GMT","server":"ESF","cache-control":"private","x-xss-protection":"0","x-frame-options":"SAMEORIGIN","x-content-type-options":"nosniff","server-timing":"gfet4t7; dur=1398","alt-svc":"h3=\":443\"; ma=2592000,h3-29=\":443\"; ma=2592000,h3-T051=\":443\"; ma=2592000,h3-Q050=\":443\"; ma=2592000,h3-Q046=\":443\"; ma=2592000,h3-Q043=\":443\"; ma=2592000,quic=\":443\"; ma=2592000; v=\"46,43\"","accept-ranges":"none","transfer-encoding":"chunked"}
[debug] [2021-07-28T08:36:31.155Z] > refreshing access token with scopes: []
[debug] [2021-07-28T08:36:31.156Z] >>> HTTP REQUEST POST https://www.googleapis.com/oauth2/v3/token  
 <request body omitted>
[debug] [2021-07-28T08:36:52.188Z] Authentication Error: Your credentials are no longer valid. Please run firebase login --reauth

For CI servers and headless environments, generate a new token with firebase login:ci
[debug] [2021-07-28T08:37:13.223Z] FirebaseError: Authentication Error: Your credentials are no longer valid. Please run firebase login --reauth

For CI servers and headless environments, generate a new token with firebase login:ci
    at invalidCredentialError (C:\Users\Naveen\AppData\Roaming\npm\node_modules\firebase-tools\lib\auth.js:141:12)
    at refreshTokens (C:\Users\Naveen\AppData\Roaming\npm\node_modules\firebase-tools\lib\auth.js:448:15)
    at processTicksAndRejections (internal/process/task_queues.js:95:5)
    at async Client.getAccessToken (C:\Users\Naveen\AppData\Roaming\npm\node_modules\firebase-tools\lib\apiv2.js:144:23)
    at async Client.addAuthHeader (C:\Users\Naveen\AppData\Roaming\npm\node_modules\firebase-tools\lib\apiv2.js:135:21)
    at async Client.request (C:\Users\Naveen\AppData\Roaming\npm\node_modules\firebase-tools\lib\apiv2.js:93:34)
    at async Object.getFirebaseProject (C:\Users\Naveen\AppData\Roaming\npm\node_modules\firebase-tools\lib\management\projects.js:290:21)
    at async Object.getDefaultHostingSite (C:\Users\Naveen\AppData\Roaming\npm\node_modules\firebase-tools\lib\getDefaultHostingSite.js:8:21)
    at async requireHostingSite (C:\Users\Naveen\AppData\Roaming\npm\node_modules\firebase-tools\lib\requireHostingSite.js:9:18)
    at async Object.fn (C:\Users\Naveen\AppData\Roaming\npm\node_modules\firebase-tools\lib\commands\deploy.js:65:9)
    at async C:\Users\Naveen\AppData\Roaming\npm\node_modules\firebase-tools\lib\command.js:169:17
[error] 
[error] Error: Failed to get Firebase project down-time0. Please make sure the project exists and your account has permission to access it.
[debug] [2021-07-28T08:39:11.451Z] ----------------------------------------------------------------------
[debug] [2021-07-28T08:39:11.454Z] Command:       C:\Program Files\nodejs\node.exe C:\Users\Naveen\AppData\Roaming\npm\node_modules\firebase-tools\lib\bin\firebase.js deploy
[debug] [2021-07-28T08:39:11.455Z] CLI Version:   9.16.0
[debug] [2021-07-28T08:39:11.455Z] Platform:      win32
[debug] [2021-07-28T08:39:11.455Z] Node Version:  v14.17.3
[debug] [2021-07-28T08:39:11.457Z] Time:          Wed Jul 28 2021 14:09:11 GMT+0530 (India Standard Time)
[debug] [2021-07-28T08:39:11.457Z] ----------------------------------------------------------------------
[debug] 
[debug] [2021-07-28T08:39:11.550Z] > command requires scopes: ["email","openid","https://www.googleapis.com/auth/cloudplatformprojects.readonly","https://www.googleapis.com/auth/firebase","https://www.googleapis.com/auth/cloud-platform"]
[debug] [2021-07-28T08:39:11.550Z] > authorizing via signed-in user (dineshsoni8569@gmail.com)
[debug] [2021-07-28T08:39:11.551Z] [iam] checking project down-time0 for permissions ["firebase.projects.get","firebasehosting.sites.update"]
[debug] [2021-07-28T08:39:11.554Z] >>> HTTP REQUEST POST https://cloudresourcemanager.googleapis.com/v1/projects/down-time0:testIamPermissions  
 {"permissions":["firebase.projects.get","firebasehosting.sites.update"]}
[debug] [2021-07-28T08:39:13.419Z] <<< HTTP RESPONSE 200 {"content-type":"application/json; charset=UTF-8","vary":"X-Origin, Referer, Origin,Accept-Encoding","date":"Wed, 28 Jul 2021 08:42:53 GMT","server":"ESF","cache-control":"private","x-xss-protection":"0","x-frame-options":"SAMEORIGIN","x-content-type-options":"nosniff","server-timing":"gfet4t7; dur=1349","alt-svc":"h3=\":443\"; ma=2592000,h3-29=\":443\"; ma=2592000,h3-T051=\":443\"; ma=2592000,h3-Q050=\":443\"; ma=2592000,h3-Q046=\":443\"; ma=2592000,h3-Q043=\":443\"; ma=2592000,quic=\":443\"; ma=2592000; v=\"46,43\"","accept-ranges":"none","transfer-encoding":"chunked"}
[debug] [2021-07-28T08:39:13.424Z] > refreshing access token with scopes: []
[debug] [2021-07-28T08:39:13.424Z] >>> HTTP REQUEST POST https://www.googleapis.com/oauth2/v3/token  
 <request body omitted>
[debug] [2021-07-28T08:39:13.982Z] <<< HTTP RESPONSE 200 {"pragma":"no-cache","cache-control":"no-cache, no-store, max-age=0, must-revalidate","date":"Wed, 28 Jul 2021 08:42:53 GMT","expires":"Mon, 01 Jan 1990 00:00:00 GMT","content-type":"application/json; charset=utf-8","vary":"X-Origin, Referer, Origin,Accept-Encoding","server":"scaffolding on HTTPServer2","x-xss-protection":"0","x-frame-options":"SAMEORIGIN","x-content-type-options":"nosniff","alt-svc":"h3=\":443\"; ma=2592000,h3-29=\":443\"; ma=2592000,h3-T051=\":443\"; ma=2592000,h3-Q050=\":443\"; ma=2592000,h3-Q046=\":443\"; ma=2592000,h3-Q043=\":443\"; ma=2592000,quic=\":443\"; ma=2592000; v=\"46,43\"","accept-ranges":"none","transfer-encoding":"chunked"}
[debug] [2021-07-28T08:39:14.018Z] >>> [apiv2][query] GET https://firebase.googleapis.com/v1beta1/projects/down-time0 [none]
[debug] [2021-07-28T08:39:14.712Z] <<< [apiv2][status] GET https://firebase.googleapis.com/v1beta1/projects/down-time0 200
[debug] [2021-07-28T08:39:14.712Z] <<< [apiv2][body] GET https://firebase.googleapis.com/v1beta1/projects/down-time0 {"projectId":"down-time0","projectNumber":"355430172469","displayName":"down-time0","name":"projects/down-time0","resources":{"hostingSite":"down-time0"},"state":"ACTIVE"}
[info] 
[info] === Deploying to 'down-time0'...
[info] 
[info] i  deploying hosting 
[debug] [2021-07-28T08:39:14.722Z] > refreshing access token with scopes: ["email","https://www.googleapis.com/auth/cloud-platform","https://www.googleapis.com/auth/cloudplatformprojects.readonly","https://www.googleapis.com/auth/firebase","openid"]
[debug] [2021-07-28T08:39:14.723Z] >>> HTTP REQUEST POST https://www.googleapis.com/oauth2/v3/token  
 <request body omitted>
[debug] [2021-07-28T08:39:15.179Z] <<< HTTP RESPONSE 200 {"expires":"Mon, 01 Jan 1990 00:00:00 GMT","pragma":"no-cache","date":"Wed, 28 Jul 2021 08:42:54 GMT","cache-control":"no-cache, no-store, max-age=0, must-revalidate","content-type":"application/json; charset=utf-8","vary":"X-Origin, Referer, Origin,Accept-Encoding","server":"scaffolding on HTTPServer2","x-xss-protection":"0","x-frame-options":"SAMEORIGIN","x-content-type-options":"nosniff","alt-svc":"h3=\":443\"; ma=2592000,h3-29=\":443\"; ma=2592000,h3-T051=\":443\"; ma=2592000,h3-Q050=\":443\"; ma=2592000,h3-Q046=\":443\"; ma=2592000,h3-Q043=\":443\"; ma=2592000,quic=\":443\"; ma=2592000; v=\"46,43\"","accept-ranges":"none","transfer-encoding":"chunked"}
[debug] [2021-07-28T08:39:15.210Z] >>> HTTP REQUEST POST https://firebasehosting.googleapis.com/v1beta1/sites/down-time0/versions  
 {"config":{"rewrites":[{"glob":"**","path":"/index.html"}]},"labels":{"deployment-tool":"cli-firebase"}}
[debug] [2021-07-28T08:39:17.646Z] <<< HTTP RESPONSE 200 {"content-type":"application/json; charset=UTF-8","vary":"X-Origin, Referer, Origin,Accept-Encoding","date":"Wed, 28 Jul 2021 08:42:57 GMT","server":"ESF","cache-control":"private","x-xss-protection":"0","x-frame-options":"SAMEORIGIN","x-content-type-options":"nosniff","alt-svc":"h3=\":443\"; ma=2592000,h3-29=\":443\"; ma=2592000,h3-T051=\":443\"; ma=2592000,h3-Q050=\":443\"; ma=2592000,h3-Q046=\":443\"; ma=2592000,h3-Q043=\":443\"; ma=2592000,quic=\":443\"; ma=2592000; v=\"46,43\"","accept-ranges":"none","transfer-encoding":"chunked"}
[info] i  hosting[down-time0]: beginning deploy... 
[info] i  hosting[down-time0]: found 12 files in build 
[debug] [2021-07-28T08:39:18.012Z] > refreshing access token with scopes: []
[debug] [2021-07-28T08:39:18.012Z] >>> HTTP REQUEST POST https://www.googleapis.com/oauth2/v3/token  
 <request body omitted>
[debug] [2021-07-28T08:39:18.014Z] [hosting] hash cache [YnVpbGQ] stored for 12 files
[debug] [2021-07-28T08:39:18.015Z] [hosting][hash queue][FINAL] {"max":327,"min":5,"avg":41.833333333333336,"active":0,"complete":12,"success":12,"errored":0,"retried":0,"total":12,"elapsed":335}
[debug] [2021-07-28T08:39:18.471Z] <<< HTTP RESPONSE 200 {"expires":"Mon, 01 Jan 1990 00:00:00 GMT","cache-control":"no-cache, no-store, max-age=0, must-revalidate","date":"Wed, 28 Jul 2021 08:42:58 GMT","pragma":"no-cache","content-type":"application/json; charset=utf-8","vary":"X-Origin, Referer, Origin,Accept-Encoding","server":"scaffolding on HTTPServer2","x-xss-protection":"0","x-frame-options":"SAMEORIGIN","x-content-type-options":"nosniff","alt-svc":"h3=\":443\"; ma=2592000,h3-29=\":443\"; ma=2592000,h3-T051=\":443\"; ma=2592000,h3-Q050=\":443\"; ma=2592000,h3-Q046=\":443\"; ma=2592000,h3-Q043=\":443\"; ma=2592000,quic=\":443\"; ma=2592000; v=\"46,43\"","accept-ranges":"none","transfer-encoding":"chunked"}
[debug] [2021-07-28T08:39:18.505Z] >>> [apiv2][query] POST https://firebasehosting.googleapis.com/v1beta1/sites/down-time0/versions/734a35f33974af7e:populateFiles [none]
[debug] [2021-07-28T08:39:18.506Z] >>> [apiv2][body] POST https://firebasehosting.googleapis.com/v1beta1/sites/down-time0/versions/734a35f33974af7e:populateFiles {"files":{"/robots.txt":"bfe106a3fb878dc83461c86818bf74fc1bdc7f28538ba613cd3e775516ce8b49","/asset-manifest.json":"9853f294f6e7419a3c49f48334facd4a3b73ac01c4fceecebcd9c7a11b9e10df","/index.html":"d5060f739693e5dc5e9817f9db40b3d359714ed2f655231af2bb2ed416e953d5","/static/js/2.6194600c.chunk.js.LICENSE.txt":"b15a15acfd643366904fefddcda88549b9b1c9250ec72c82f1d2bf4a88d68f1f","/static/css/main.aacb5d8f.chunk.css":"b2d4cc95ba68a301fe42667c887a06e0d826222c0ca9917604ed93b3a7c8cd5a","/static/js/main.b0ff62fd.chunk.js":"4cd581dcd3f41aa70fd57b03e62dd7eeea38cc24ed52daf9518a2a6c560b9082","/static/css/main.aacb5d8f.chunk.css.map":"126c2b46aed73f912316d022efaace2d44e06c2de693b029b532a8e0f1a28192","/static/js/runtime-main.90a5e6d8.js":"0d60178241e8de22e4561d09bbe2fb25ec72ef16d20a1911a2fc56863ff3420c","/static/js/main.b0ff62fd.chunk.js.map":"a46fcde6766d7020a2378ea96513199de66ed1c1938be64d1394ec23a3dfac10","/static/js/runtime-main.90a5e6d8.js.map":"71cfdab18fefdbb67525506d8a06e81e06ffa87c6e90432a3948e463809d531b","/static/js/2.6194600c.chunk.js":"d419eee63bf862bcb1bf5ea472f1bbc0fe7f13c87c2c82d70456b38bc57f456e","/static/js/2.6194600c.chunk.js.map":"af8b872712c24ccbc5ab5a799d117fb800963d78af9d6e53bbd449fb6ab4b818"}}
[debug] [2021-07-28T08:39:39.942Z] [populateQueue] Retrying task index 0
[debug] [2021-07-28T08:39:39.942Z] >>> [apiv2][query] POST https://firebasehosting.googleapis.com/v1beta1/sites/down-time0/versions/734a35f33974af7e:populateFiles [none]
[debug] [2021-07-28T08:39:39.943Z] >>> [apiv2][body] POST https://firebasehosting.googleapis.com/v1beta1/sites/down-time0/versions/734a35f33974af7e:populateFiles {"files":{"/robots.txt":"bfe106a3fb878dc83461c86818bf74fc1bdc7f28538ba613cd3e775516ce8b49","/asset-manifest.json":"9853f294f6e7419a3c49f48334facd4a3b73ac01c4fceecebcd9c7a11b9e10df","/index.html":"d5060f739693e5dc5e9817f9db40b3d359714ed2f655231af2bb2ed416e953d5","/static/js/2.6194600c.chunk.js.LICENSE.txt":"b15a15acfd643366904fefddcda88549b9b1c9250ec72c82f1d2bf4a88d68f1f","/static/css/main.aacb5d8f.chunk.css":"b2d4cc95ba68a301fe42667c887a06e0d826222c0ca9917604ed93b3a7c8cd5a","/static/js/main.b0ff62fd.chunk.js":"4cd581dcd3f41aa70fd57b03e62dd7eeea38cc24ed52daf9518a2a6c560b9082","/static/css/main.aacb5d8f.chunk.css.map":"126c2b46aed73f912316d022efaace2d44e06c2de693b029b532a8e0f1a28192","/static/js/runtime-main.90a5e6d8.js":"0d60178241e8de22e4561d09bbe2fb25ec72ef16d20a1911a2fc56863ff3420c","/static/js/main.b0ff62fd.chunk.js.map":"a46fcde6766d7020a2378ea96513199de66ed1c1938be64d1394ec23a3dfac10","/static/js/runtime-main.90a5e6d8.js.map":"71cfdab18fefdbb67525506d8a06e81e06ffa87c6e90432a3948e463809d531b","/static/js/2.6194600c.chunk.js":"d419eee63bf862bcb1bf5ea472f1bbc0fe7f13c87c2c82d70456b38bc57f456e","/static/js/2.6194600c.chunk.js.map":"af8b872712c24ccbc5ab5a799d117fb800963d78af9d6e53bbd449fb6ab4b818"}}
[debug] [2021-07-28T08:39:42.164Z] <<< [apiv2][status] POST https://firebasehosting.googleapis.com/v1beta1/sites/down-time0/versions/734a35f33974af7e:populateFiles 200
[debug] [2021-07-28T08:39:42.164Z] <<< [apiv2][body] POST https://firebasehosting.googleapis.com/v1beta1/sites/down-time0/versions/734a35f33974af7e:populateFiles {"uploadUrl":"https://upload-firebasehosting.googleapis.com/upload/sites/down-time0/versions/734a35f33974af7e/files"}
[debug] [2021-07-28T08:39:42.165Z] [hosting][populate queue][FINAL] {"max":2222,"min":2222,"avg":2222,"active":0,"complete":1,"success":1,"errored":0,"retried":1,"total":1,"elapsed":24153}
[debug] [2021-07-28T08:39:42.165Z] [hosting] uploads queued: 0
[debug] [2021-07-28T08:39:42.165Z] [hosting][upload queue][FINAL] {"max":0,"min":9999999999,"avg":0,"active":0,"complete":0,"success":0,"errored":0,"retried":0,"total":0,"elapsed":1627461582165}
[info] +  hosting[down-time0]: file upload complete 
[debug] [2021-07-28T08:39:42.166Z] [hosting] deploy completed after 24517ms
[debug] [2021-07-28T08:39:42.170Z] [
  {
    "config": {
      "public": "build",
      "ignore": [
        "firebase.json",
        "**/.*",
        "**/node_modules/**"
      ],
      "rewrites": [
        {
          "source": "**",
          "destination": "/index.html"
        }
      ],
      "site": "down-time0"
    },
    "site": "down-time0",
    "version": "sites/down-time0/versions/734a35f33974af7e"
  }
]
[info] i  hosting[down-time0]: finalizing version... 
[debug] [2021-07-28T08:39:42.172Z] > refreshing access token with scopes: ["email","https://www.googleapis.com/auth/cloud-platform","https://www.googleapis.com/auth/cloudplatformprojects.readonly","https://www.googleapis.com/auth/firebase","openid"]
[debug] [2021-07-28T08:39:42.172Z] >>> HTTP REQUEST POST https://www.googleapis.com/oauth2/v3/token  
 <request body omitted>
[debug] [2021-07-28T08:39:42.651Z] <<< HTTP RESPONSE 200 {"date":"Wed, 28 Jul 2021 08:43:22 GMT","pragma":"no-cache","expires":"Mon, 01 Jan 1990 00:00:00 GMT","cache-control":"no-cache, no-store, max-age=0, must-revalidate","content-type":"application/json; charset=utf-8","vary":"X-Origin, Referer, Origin,Accept-Encoding","server":"scaffolding on HTTPServer2","x-xss-protection":"0","x-frame-options":"SAMEORIGIN","x-content-type-options":"nosniff","alt-svc":"h3=\":443\"; ma=2592000,h3-29=\":443\"; ma=2592000,h3-T051=\":443\"; ma=2592000,h3-Q050=\":443\"; ma=2592000,h3-Q046=\":443\"; ma=2592000,h3-Q043=\":443\"; ma=2592000,quic=\":443\"; ma=2592000; v=\"46,43\"","accept-ranges":"none","transfer-encoding":"chunked"}
[debug] [2021-07-28T08:39:42.684Z] >>> HTTP REQUEST PATCH https://firebasehosting.googleapis.com/v1beta1/sites/down-time0/versions/734a35f33974af7e?updateMask=status  
 {"status":"FINALIZED"}
[debug] [2021-07-28T08:39:44.752Z] <<< HTTP RESPONSE 200 {"content-type":"application/json; charset=UTF-8","vary":"X-Origin, Referer, Origin,Accept-Encoding","date":"Wed, 28 Jul 2021 08:43:24 GMT","server":"ESF","cache-control":"private","x-xss-protection":"0","x-frame-options":"SAMEORIGIN","x-content-type-options":"nosniff","alt-svc":"h3=\":443\"; ma=2592000,h3-29=\":443\"; ma=2592000,h3-T051=\":443\"; ma=2592000,h3-Q050=\":443\"; ma=2592000,h3-Q046=\":443\"; ma=2592000,h3-Q043=\":443\"; ma=2592000,quic=\":443\"; ma=2592000; v=\"46,43\"","accept-ranges":"none","transfer-encoding":"chunked"}
[debug] [2021-07-28T08:39:44.753Z] [hosting] finalized version for down-time0: {"name":"sites/down-time0/versions/734a35f33974af7e","status":"FINALIZED","config":{"rewrites":[{"glob":"**","path":"/index.html"}]},"labels":{"deployment-tool":"cli-firebase"},"createTime":"2021-07-28T08:42:56.965568Z","createUser":{"email":"dineshsoni8569@gmail.com"},"finalizeTime":"2021-07-28T08:43:24.411466Z","finalizeUser":{"email":"dineshsoni8569@gmail.com"}}
[info] +  hosting[down-time0]: version finalized 
[info] i  hosting[down-time0]: releasing new version... 
[debug] [2021-07-28T08:39:44.756Z] >>> HTTP REQUEST POST https://firebasehosting.googleapis.com/v1beta1/sites/down-time0/releases?version_name=sites/down-time0/versions/734a35f33974af7e  
 {"message":null}
[debug] [2021-07-28T08:40:26.812Z] Error: connect ETIMEDOUT 142.250.195.10:443
    at TCPConnectWrap.afterConnect [as oncomplete] (net.js:1148:16)
[error] 
[error] Error: Server Error. connect ETIMEDOUT 142.250.195.10:443
